c:\users\peina\desktop\uni\asignaturas 3º\2o semestre\informática industrial y comunicaciones\git\pantallazoazul\remy(bueno)\tmp\debug\vc142.pdb
c:\users\peina\desktop\uni\asignaturas 3º\2o semestre\informática industrial y comunicaciones\git\pantallazoazul\remy(bueno)\tmp\debug\vc142.idb
c:\users\peina\desktop\uni\asignaturas 3º\2o semestre\informática industrial y comunicaciones\git\pantallazoazul\remy(bueno)\tmp\debug\vida.obj
c:\users\peina\desktop\uni\asignaturas 3º\2o semestre\informática industrial y comunicaciones\git\pantallazoazul\remy(bueno)\tmp\debug\vector2d.obj
c:\users\peina\desktop\uni\asignaturas 3º\2o semestre\informática industrial y comunicaciones\git\pantallazoazul\remy(bueno)\tmp\debug\trampa.obj
c:\users\peina\desktop\uni\asignaturas 3º\2o semestre\informática industrial y comunicaciones\git\pantallazoazul\remy(bueno)\tmp\debug\remy.obj
c:\users\peina\desktop\uni\asignaturas 3º\2o semestre\informática industrial y comunicaciones\git\pantallazoazul\remy(bueno)\tmp\debug\queso.obj
c:\users\peina\desktop\uni\asignaturas 3º\2o semestre\informática industrial y comunicaciones\git\pantallazoazul\remy(bueno)\tmp\debug\plataforma.obj
c:\users\peina\desktop\uni\asignaturas 3º\2o semestre\informática industrial y comunicaciones\git\pantallazoazul\remy(bueno)\tmp\debug\remy_and_the_lose_cheese.obj
c:\users\peina\desktop\uni\asignaturas 3º\2o semestre\informática industrial y comunicaciones\git\pantallazoazul\remy(bueno)\tmp\debug\mundo.obj
c:\users\peina\desktop\uni\asignaturas 3º\2o semestre\informática industrial y comunicaciones\git\pantallazoazul\remy(bueno)\tmp\debug\listavidas.obj
c:\users\peina\desktop\uni\asignaturas 3º\2o semestre\informática industrial y comunicaciones\git\pantallazoazul\remy(bueno)\tmp\debug\listaquesos.obj
c:\users\peina\desktop\uni\asignaturas 3º\2o semestre\informática industrial y comunicaciones\git\pantallazoazul\remy(bueno)\tmp\debug\listaplataformas.obj
c:\users\peina\desktop\uni\asignaturas 3º\2o semestre\informática industrial y comunicaciones\git\pantallazoazul\remy(bueno)\tmp\debug\listagatitos.obj
c:\users\peina\desktop\uni\asignaturas 3º\2o semestre\informática industrial y comunicaciones\git\pantallazoazul\remy(bueno)\tmp\debug\listaespadas.obj
c:\users\peina\desktop\uni\asignaturas 3º\2o semestre\informática industrial y comunicaciones\git\pantallazoazul\remy(bueno)\tmp\debug\listabombas.obj
c:\users\peina\desktop\uni\asignaturas 3º\2o semestre\informática industrial y comunicaciones\git\pantallazoazul\remy(bueno)\tmp\debug\interaccion.obj
c:\users\peina\desktop\uni\asignaturas 3º\2o semestre\informática industrial y comunicaciones\git\pantallazoazul\remy(bueno)\tmp\debug\gatitos.obj
c:\users\peina\desktop\uni\asignaturas 3º\2o semestre\informática industrial y comunicaciones\git\pantallazoazul\remy(bueno)\tmp\debug\fondo.obj
c:\users\peina\desktop\uni\asignaturas 3º\2o semestre\informática industrial y comunicaciones\git\pantallazoazul\remy(bueno)\tmp\debug\enemigo.obj
c:\users\peina\desktop\uni\asignaturas 3º\2o semestre\informática industrial y comunicaciones\git\pantallazoazul\remy(bueno)\tmp\debug\disparo.obj
c:\users\peina\desktop\uni\asignaturas 3º\2o semestre\informática industrial y comunicaciones\git\pantallazoazul\remy(bueno)\tmp\debug\coordinador.obj
c:\users\peina\desktop\uni\asignaturas 3º\2o semestre\informática industrial y comunicaciones\git\pantallazoazul\remy(bueno)\bin\pang.exe
c:\users\peina\desktop\uni\asignaturas 3º\2o semestre\informática industrial y comunicaciones\git\pantallazoazul\remy(bueno)\bin\pang.ilk
c:\users\peina\desktop\uni\asignaturas 3º\2o semestre\informática industrial y comunicaciones\git\pantallazoazul\remy(bueno)\bin\pang.pdb
c:\users\peina\desktop\uni\asignaturas 3º\2o semestre\informática industrial y comunicaciones\git\pantallazoazul\remy(bueno)\tmp\debug\pang.tlog\cl.command.1.tlog
c:\users\peina\desktop\uni\asignaturas 3º\2o semestre\informática industrial y comunicaciones\git\pantallazoazul\remy(bueno)\tmp\debug\pang.tlog\cl.read.1.tlog
c:\users\peina\desktop\uni\asignaturas 3º\2o semestre\informática industrial y comunicaciones\git\pantallazoazul\remy(bueno)\tmp\debug\pang.tlog\cl.write.1.tlog
c:\users\peina\desktop\uni\asignaturas 3º\2o semestre\informática industrial y comunicaciones\git\pantallazoazul\remy(bueno)\tmp\debug\pang.tlog\link.command.1.tlog
c:\users\peina\desktop\uni\asignaturas 3º\2o semestre\informática industrial y comunicaciones\git\pantallazoazul\remy(bueno)\tmp\debug\pang.tlog\link.read.1.tlog
c:\users\peina\desktop\uni\asignaturas 3º\2o semestre\informática industrial y comunicaciones\git\pantallazoazul\remy(bueno)\tmp\debug\pang.tlog\link.write.1.tlog
